<?xml version="1.0" encoding="UTF-8"?>
<!-- Generated by org.testng.reporters.JUnitXMLReporter -->
<testsuite hostname="L700DTRV" ignored="0" name="Default test" tests="12" failures="0" timestamp="18 Oct 2019 08:43:47 GMT" time="32.668" errors="0">
  <testcase name="HomeTitleVerify" time="0.011" classname="SamplePackage.Login"/>
  <testcase name="LoginValidation" time="3.616" classname="SamplePackage.Login"/>
  <testcase name="Menucheck0" time="0.053" classname="SamplePackage.MenuCheck"/>
  <testcase name="Menucheck1" time="1.7" classname="SamplePackage.MenuCheck"/>
  <testcase name="Menucheck2" time="1.224" classname="SamplePackage.MenuCheck"/>
  <testcase name="Menucheck3" time="2.349" classname="SamplePackage.MenuCheck"/>
  <testcase name="Menucheck4" time="1.235" classname="SamplePackage.MenuCheck"/>
  <testcase name="Menucheck5" time="5.346" classname="SamplePackage.MenuCheck"/>
  <testcase name="Menucheck6" time="0.079" classname="SamplePackage.MenuCheck"/>
  <testcase name="Menucheck7" time="2.711" classname="SamplePackage.MenuCheck"/>
  <testcase name="Menucheck8" time="0.807" classname="SamplePackage.MenuCheck"/>
  <testcase name="ValidateDropdown0" time="6.01" classname="SamplePackage.ValidatiDropdown"/>
</testsuite> <!-- Default test -->
